2019-03-19 12:40:35 -Starting BootdoApplication on LAPTOP-6SM7DG5B with PID 6860 (F:\logisticsSystem\target\classes started by dc in F:\logisticsSystem)
2019-03-19 12:40:35 -Running with Spring Boot v1.5.9.RELEASE, Spring v4.3.13.RELEASE
2019-03-19 12:40:35 -The following profiles are active: dev
2019-03-19 12:40:35 -Refreshing org.springframework.boot.context.embedded.AnnotationConfigEmbeddedWebApplicationContext@53ce1329: startup date [Tue Mar 19 12:40:35 CST 2019]; root of context hierarchy
2019-03-19 12:40:35 -HV000001: Hibernate Validator 5.3.6.Final
2019-03-19 12:40:36 -Multiple Spring Data modules found, entering strict repository configuration mode!
2019-03-19 12:40:37 -Bean 'org.springframework.transaction.annotation.ProxyTransactionManagementConfiguration' of type [org.springframework.transaction.annotation.ProxyTransactionManagementConfiguration$$EnhancerBySpringCGLIB$$5a13f456] is not eligible for getting processed by all BeanPostProcessors (for example: not eligible for auto-proxying)
2019-03-19 12:40:37 -Bean 'shiroConfig' of type [com.bootdo.system.config.ShiroConfig$$EnhancerBySpringCGLIB$$4c6d22fd] is not eligible for getting processed by all BeanPostProcessors (for example: not eligible for auto-proxying)
2019-03-19 12:40:38 -Bean 'userRealm' of type [com.bootdo.system.shiro.UserRealm] is not eligible for getting processed by all BeanPostProcessors (for example: not eligible for auto-proxying)
2019-03-19 12:40:38 -Bean 'ehCacheManager' of type [org.apache.shiro.cache.ehcache.EhCacheManager] is not eligible for getting processed by all BeanPostProcessors (for example: not eligible for auto-proxying)
2019-03-19 12:40:38 -Cache with name 'com.bootdo.system.shiro.UserRealm.authorizationCache' does not yet exist.  Creating now.
2019-03-19 12:40:38 -Added EhCache named [com.bootdo.system.shiro.UserRealm.authorizationCache]
2019-03-19 12:40:38 -Bean 'sessionDAO' of type [org.apache.shiro.session.mgt.eis.MemorySessionDAO] is not eligible for getting processed by all BeanPostProcessors (for example: not eligible for auto-proxying)
2019-03-19 12:40:38 -Bean 'sessionManager' of type [org.apache.shiro.web.session.mgt.DefaultWebSessionManager] is not eligible for getting processed by all BeanPostProcessors (for example: not eligible for auto-proxying)
2019-03-19 12:40:38 -Bean 'securityManager' of type [org.apache.shiro.web.mgt.DefaultWebSecurityManager] is not eligible for getting processed by all BeanPostProcessors (for example: not eligible for auto-proxying)
2019-03-19 12:40:38 -Bean 'authorizationAttributeSourceAdvisor' of type [org.apache.shiro.spring.security.interceptor.AuthorizationAttributeSourceAdvisor] is not eligible for getting processed by all BeanPostProcessors (for example: not eligible for auto-proxying)
2019-03-19 12:40:39 -Tomcat initialized with port(s): 80 (http)
2019-03-19 12:40:39 -Starting service [Tomcat]
2019-03-19 12:40:39 -Starting Servlet Engine: Apache Tomcat/8.5.23
2019-03-19 12:40:39 -Initializing Spring embedded WebApplicationContext
2019-03-19 12:40:39 -Root WebApplicationContext: initialization completed in 4377 ms
2019-03-19 12:40:40 -Mapping filter: 'characterEncodingFilter' to: [/*]
2019-03-19 12:40:40 -Mapping filter: 'hiddenHttpMethodFilter' to: [/*]
2019-03-19 12:40:40 -Mapping filter: 'httpPutFormContentFilter' to: [/*]
2019-03-19 12:40:40 -Mapping filter: 'requestContextFilter' to: [/*]
2019-03-19 12:40:40 -Mapping filter: 'springSecurityFilterChain' to: [/*]
2019-03-19 12:40:40 -Filter xssFilter was not registered (disabled)
2019-03-19 12:40:40 -Mapping filter: 'webStatFilter' to urls: [/*]
2019-03-19 12:40:40 -Mapping filter: 'shiroFilterFactoryBean' to: [/*]
2019-03-19 12:40:40 -Mapping servlet: 'statViewServlet' to [/druid/*]
2019-03-19 12:40:40 -Mapping servlet: 'dispatcherServlet' to [/]
2019-03-19 12:40:40 -ApplicationContext registed-->org.springframework.boot.context.embedded.AnnotationConfigEmbeddedWebApplicationContext@53ce1329: startup date [Tue Mar 19 12:40:35 CST 2019]; root of context hierarchy
2019-03-19 12:40:41 -{dataSource-1} inited
2019-03-19 12:40:43 -Mapped "{[/error]}" onto public com.bootdo.common.utils.R com.bootdo.common.exception.MainsiteErrorController.handleError(javax.servlet.http.HttpServletRequest,javax.servlet.http.HttpServletResponse)
2019-03-19 12:40:43 -Mapped "{[/error],produces=[text/html]}" onto public org.springframework.web.servlet.ModelAndView com.bootdo.common.exception.MainsiteErrorController.errorHtml(javax.servlet.http.HttpServletRequest,javax.servlet.http.HttpServletResponse)
2019-03-19 12:40:43 -Mapped "{[/system/car/add],methods=[GET]}" onto java.lang.String com.bootdo.system.controller.CarController.add()
2019-03-19 12:40:43 -Mapped "{[/system/car/remove],methods=[POST]}" onto public com.bootdo.common.utils.R com.bootdo.system.controller.CarController.remove(java.lang.Long)
2019-03-19 12:40:43 -Mapped "{[/system/car/batchRemove],methods=[POST]}" onto public com.bootdo.common.utils.R com.bootdo.system.controller.CarController.remove(java.lang.Long[])
2019-03-19 12:40:43 -Mapped "{[/system/car/update]}" onto public com.bootdo.common.utils.R com.bootdo.system.controller.CarController.update(com.bootdo.system.domain.CarDO)
2019-03-19 12:40:43 -Mapped "{[/system/car/list],methods=[GET]}" onto public com.bootdo.common.utils.PageUtils com.bootdo.system.controller.CarController.list(java.util.Map<java.lang.String, java.lang.Object>)
2019-03-19 12:40:43 -Mapped "{[/system/car/save],methods=[POST]}" onto public com.bootdo.common.utils.R com.bootdo.system.controller.CarController.save(com.bootdo.system.domain.CarDO)
2019-03-19 12:40:43 -Mapped "{[/system/car/view/{id}],methods=[GET]}" onto java.lang.String com.bootdo.system.controller.CarController.view(java.lang.Long,org.springframework.ui.Model)
2019-03-19 12:40:43 -Mapped "{[/system/car/edit/{id}],methods=[GET]}" onto java.lang.String com.bootdo.system.controller.CarController.edit(java.lang.Long,org.springframework.ui.Model)
2019-03-19 12:40:43 -Mapped "{[/system/car],methods=[GET]}" onto java.lang.String com.bootdo.system.controller.CarController.Car()
2019-03-19 12:40:43 -Mapped "{[/system/customer/add],methods=[GET]}" onto java.lang.String com.bootdo.system.controller.CustomerController.add()
2019-03-19 12:40:43 -Mapped "{[/system/customer/remove],methods=[POST]}" onto public com.bootdo.common.utils.R com.bootdo.system.controller.CustomerController.remove(java.lang.Long)
2019-03-19 12:40:43 -Mapped "{[/system/customer/batchRemove],methods=[POST]}" onto public com.bootdo.common.utils.R com.bootdo.system.controller.CustomerController.remove(java.lang.Long[])
2019-03-19 12:40:43 -Mapped "{[/system/customer/update]}" onto public com.bootdo.common.utils.R com.bootdo.system.controller.CustomerController.update(com.bootdo.system.domain.CustomerDO)
2019-03-19 12:40:43 -Mapped "{[/system/customer/list],methods=[GET]}" onto public com.bootdo.common.utils.PageUtils com.bootdo.system.controller.CustomerController.list(java.util.Map<java.lang.String, java.lang.Object>)
2019-03-19 12:40:43 -Mapped "{[/system/customer/save],methods=[POST]}" onto public com.bootdo.common.utils.R com.bootdo.system.controller.CustomerController.save(com.bootdo.system.domain.CustomerDO)
2019-03-19 12:40:43 -Mapped "{[/system/customer/edit/{id}],methods=[GET]}" onto java.lang.String com.bootdo.system.controller.CustomerController.edit(java.lang.Long,org.springframework.ui.Model)
2019-03-19 12:40:43 -Mapped "{[/system/customer],methods=[GET]}" onto java.lang.String com.bootdo.system.controller.CustomerController.Customer()
2019-03-19 12:40:43 -Mapped "{[/system/good/add],methods=[GET]}" onto java.lang.String com.bootdo.system.controller.GoodController.add()
2019-03-19 12:40:43 -Mapped "{[/system/good/remove],methods=[POST]}" onto public com.bootdo.common.utils.R com.bootdo.system.controller.GoodController.remove(java.lang.Long)
2019-03-19 12:40:43 -Mapped "{[/system/good/batchRemove],methods=[POST]}" onto public com.bootdo.common.utils.R com.bootdo.system.controller.GoodController.remove(java.lang.Long[])
2019-03-19 12:40:43 -Mapped "{[/system/good/update]}" onto public com.bootdo.common.utils.R com.bootdo.system.controller.GoodController.update(com.bootdo.system.domain.GoodDO)
2019-03-19 12:40:43 -Mapped "{[/system/good/list],methods=[GET]}" onto public com.bootdo.common.utils.PageUtils com.bootdo.system.controller.GoodController.list(java.util.Map<java.lang.String, java.lang.Object>)
2019-03-19 12:40:43 -Mapped "{[/system/good/save],methods=[POST]}" onto public com.bootdo.common.utils.R com.bootdo.system.controller.GoodController.save(com.bootdo.system.domain.GoodDO)
2019-03-19 12:40:43 -Mapped "{[/system/good/view/{id}],methods=[GET]}" onto java.lang.String com.bootdo.system.controller.GoodController.view(java.lang.Long,org.springframework.ui.Model)
2019-03-19 12:40:43 -Mapped "{[/system/good/edit/{id}],methods=[GET]}" onto java.lang.String com.bootdo.system.controller.GoodController.edit(java.lang.Long,org.springframework.ui.Model)
2019-03-19 12:40:43 -Mapped "{[/system/good],methods=[GET]}" onto java.lang.String com.bootdo.system.controller.GoodController.Good()
2019-03-19 12:40:43 -Mapped "{[/index],methods=[GET]}" onto java.lang.String com.bootdo.system.controller.LoginController.index(org.springframework.ui.Model)
2019-03-19 12:40:43 -Mapped "{[/main],methods=[GET]}" onto java.lang.String com.bootdo.system.controller.LoginController.main()
2019-03-19 12:40:43 -Mapped "{[/login],methods=[GET]}" onto java.lang.String com.bootdo.system.controller.LoginController.login()
2019-03-19 12:40:43 -Mapped "{[/logout],methods=[GET]}" onto java.lang.String com.bootdo.system.controller.LoginController.logout()
2019-03-19 12:40:43 -Mapped "{[/ || ],methods=[GET]}" onto java.lang.String com.bootdo.system.controller.LoginController.welcome(org.springframework.ui.Model)
2019-03-19 12:40:43 -Mapped "{[/login],methods=[POST]}" onto com.bootdo.common.utils.R com.bootdo.system.controller.LoginController.ajaxLogin(java.lang.String,java.lang.String)
2019-03-19 12:40:43 -Mapped "{[/system/logistics/add],methods=[GET]}" onto java.lang.String com.bootdo.system.controller.LogisticsController.add()
2019-03-19 12:40:43 -Mapped "{[/system/logistics/remove],methods=[POST]}" onto public com.bootdo.common.utils.R com.bootdo.system.controller.LogisticsController.remove(java.lang.Long)
2019-03-19 12:40:43 -Mapped "{[/system/logistics/batchRemove],methods=[POST]}" onto public com.bootdo.common.utils.R com.bootdo.system.controller.LogisticsController.remove(java.lang.Long[])
2019-03-19 12:40:43 -Mapped "{[/system/logistics/update]}" onto public com.bootdo.common.utils.R com.bootdo.system.controller.LogisticsController.update(com.bootdo.system.domain.LogisticsDO)
2019-03-19 12:40:43 -Mapped "{[/system/logistics/list],methods=[GET]}" onto public com.bootdo.common.utils.PageUtils com.bootdo.system.controller.LogisticsController.list(java.util.Map<java.lang.String, java.lang.Object>)
2019-03-19 12:40:43 -Mapped "{[/system/logistics/save],methods=[POST]}" onto public com.bootdo.common.utils.R com.bootdo.system.controller.LogisticsController.save(com.bootdo.system.domain.LogisticsDO)
2019-03-19 12:40:43 -Mapped "{[/system/logistics/view/{id}],methods=[GET]}" onto java.lang.String com.bootdo.system.controller.LogisticsController.view(java.lang.Long,org.springframework.ui.Model)
2019-03-19 12:40:43 -Mapped "{[/system/logistics/edit/{id}],methods=[GET]}" onto java.lang.String com.bootdo.system.controller.LogisticsController.edit(java.lang.Long,org.springframework.ui.Model)
2019-03-19 12:40:43 -Mapped "{[/system/logistics],methods=[GET]}" onto java.lang.String com.bootdo.system.controller.LogisticsController.Logistics()
2019-03-19 12:40:43 -Mapped "{[/system/logisticsManage/add],methods=[GET]}" onto java.lang.String com.bootdo.system.controller.LogisticsManageController.add()
2019-03-19 12:40:43 -Mapped "{[/system/logisticsManage/remove],methods=[POST]}" onto public com.bootdo.common.utils.R com.bootdo.system.controller.LogisticsManageController.remove(java.lang.Long)
2019-03-19 12:40:43 -Mapped "{[/system/logisticsManage/batchRemove],methods=[POST]}" onto public com.bootdo.common.utils.R com.bootdo.system.controller.LogisticsManageController.remove(java.lang.Long[])
2019-03-19 12:40:43 -Mapped "{[/system/logisticsManage/update]}" onto public com.bootdo.common.utils.R com.bootdo.system.controller.LogisticsManageController.update(com.bootdo.system.domain.LogisticsManageDO)
2019-03-19 12:40:43 -Mapped "{[/system/logisticsManage/list],methods=[GET]}" onto public com.bootdo.common.utils.PageUtils com.bootdo.system.controller.LogisticsManageController.list(java.util.Map<java.lang.String, java.lang.Object>)
2019-03-19 12:40:43 -Mapped "{[/system/logisticsManage/save],methods=[POST]}" onto public com.bootdo.common.utils.R com.bootdo.system.controller.LogisticsManageController.save(com.bootdo.system.domain.LogisticsManageDO)
2019-03-19 12:40:43 -Mapped "{[/system/logisticsManage/edit/{id}],methods=[GET]}" onto java.lang.String com.bootdo.system.controller.LogisticsManageController.edit(java.lang.Long,org.springframework.ui.Model)
2019-03-19 12:40:43 -Mapped "{[/system/logisticsManage],methods=[GET]}" onto java.lang.String com.bootdo.system.controller.LogisticsManageController.LogisticsManage()
2019-03-19 12:40:43 -Mapped "{[/sys/menu/add/{pId}],methods=[GET]}" onto java.lang.String com.bootdo.system.controller.MenuController.add(org.springframework.ui.Model,java.lang.Long)
2019-03-19 12:40:43 -Mapped "{[/sys/menu/remove],methods=[POST]}" onto com.bootdo.common.utils.R com.bootdo.system.controller.MenuController.remove(java.lang.Long)
2019-03-19 12:40:43 -Mapped "{[/sys/menu/update],methods=[POST]}" onto com.bootdo.common.utils.R com.bootdo.system.controller.MenuController.update(com.bootdo.system.domain.MenuDO)
2019-03-19 12:40:43 -Mapped "{[/sys/menu/list]}" onto java.util.List<com.bootdo.system.domain.MenuDO> com.bootdo.system.controller.MenuController.list(java.util.Map<java.lang.String, java.lang.Object>)
2019-03-19 12:40:43 -Mapped "{[/sys/menu/save],methods=[POST]}" onto com.bootdo.common.utils.R com.bootdo.system.controller.MenuController.save(com.bootdo.system.domain.MenuDO)
2019-03-19 12:40:43 -Mapped "{[/sys/menu/tree/{roleId}],methods=[GET]}" onto com.bootdo.common.domain.Tree<com.bootdo.system.domain.MenuDO> com.bootdo.system.controller.MenuController.tree(java.lang.Long)
2019-03-19 12:40:43 -Mapped "{[/sys/menu/tree],methods=[GET]}" onto com.bootdo.common.domain.Tree<com.bootdo.system.domain.MenuDO> com.bootdo.system.controller.MenuController.tree()
2019-03-19 12:40:43 -Mapped "{[/sys/menu/edit/{id}],methods=[GET]}" onto java.lang.String com.bootdo.system.controller.MenuController.edit(org.springframework.ui.Model,java.lang.Long)
2019-03-19 12:40:43 -Mapped "{[/sys/menu],methods=[GET]}" onto java.lang.String com.bootdo.system.controller.MenuController.menu(org.springframework.ui.Model)
2019-03-19 12:40:43 -Mapped "{[/system/order/add],methods=[GET]}" onto java.lang.String com.bootdo.system.controller.OrderController.add()
2019-03-19 12:40:43 -Mapped "{[/system/order/remove],methods=[POST]}" onto public com.bootdo.common.utils.R com.bootdo.system.controller.OrderController.remove(java.lang.Long)
2019-03-19 12:40:43 -Mapped "{[/system/order/batchRemove],methods=[POST]}" onto public com.bootdo.common.utils.R com.bootdo.system.controller.OrderController.remove(java.lang.Long[])
2019-03-19 12:40:43 -Mapped "{[/system/order/update]}" onto public com.bootdo.common.utils.R com.bootdo.system.controller.OrderController.update(com.bootdo.system.domain.OrderDO)
2019-03-19 12:40:43 -Mapped "{[/system/order/list],methods=[GET]}" onto public com.bootdo.common.utils.PageUtils com.bootdo.system.controller.OrderController.list(java.util.Map<java.lang.String, java.lang.Object>)
2019-03-19 12:40:43 -Mapped "{[/system/order/save],methods=[POST]}" onto public com.bootdo.common.utils.R com.bootdo.system.controller.OrderController.save(com.bootdo.system.domain.OrderDO)
2019-03-19 12:40:43 -Mapped "{[/system/order/view/{id}],methods=[GET]}" onto java.lang.String com.bootdo.system.controller.OrderController.view(java.lang.Long,org.springframework.ui.Model)
2019-03-19 12:40:43 -Mapped "{[/system/order/edit/{id}],methods=[GET]}" onto java.lang.String com.bootdo.system.controller.OrderController.edit(java.lang.Long,org.springframework.ui.Model)
2019-03-19 12:40:43 -Mapped "{[/system/order],methods=[GET]}" onto java.lang.String com.bootdo.system.controller.OrderController.Order()
2019-03-19 12:40:43 -Mapped "{[/system/order/statistics],methods=[GET]}" onto java.lang.String com.bootdo.system.controller.OrderController.statistics()
2019-03-19 12:40:43 -Mapped "{[/system/order/statisticsList],methods=[GET]}" onto public com.bootdo.common.utils.PageUtils com.bootdo.system.controller.OrderController.statisticsList(java.util.Map<java.lang.String, java.lang.Object>)
2019-03-19 12:40:43 -Mapped "{[/system/orderSettlement/add],methods=[GET]}" onto java.lang.String com.bootdo.system.controller.OrderSettlementController.add()
2019-03-19 12:40:43 -Mapped "{[/system/orderSettlement/remove],methods=[POST]}" onto public com.bootdo.common.utils.R com.bootdo.system.controller.OrderSettlementController.remove(java.lang.Long)
2019-03-19 12:40:43 -Mapped "{[/system/orderSettlement/batchRemove],methods=[POST]}" onto public com.bootdo.common.utils.R com.bootdo.system.controller.OrderSettlementController.remove(java.lang.Long[])
2019-03-19 12:40:43 -Mapped "{[/system/orderSettlement/update]}" onto public com.bootdo.common.utils.R com.bootdo.system.controller.OrderSettlementController.update(com.bootdo.system.domain.OrderSettlementDO)
2019-03-19 12:40:43 -Mapped "{[/system/orderSettlement/list],methods=[GET]}" onto public com.bootdo.common.utils.PageUtils com.bootdo.system.controller.OrderSettlementController.list(java.util.Map<java.lang.String, java.lang.Object>)
2019-03-19 12:40:43 -Mapped "{[/system/orderSettlement/save],methods=[POST]}" onto public com.bootdo.common.utils.R com.bootdo.system.controller.OrderSettlementController.save(com.bootdo.system.domain.OrderSettlementDO)
2019-03-19 12:40:43 -Mapped "{[/system/orderSettlement/edit/{id}],methods=[GET]}" onto java.lang.String com.bootdo.system.controller.OrderSettlementController.edit(java.lang.Long,org.springframework.ui.Model)
2019-03-19 12:40:43 -Mapped "{[/system/orderSettlement],methods=[GET]}" onto java.lang.String com.bootdo.system.controller.OrderSettlementController.OrderSettlement()
2019-03-19 12:40:43 -Mapped "{[/register/exit],methods=[POST]}" onto boolean com.bootdo.system.controller.RegisterController.exit(java.util.Map<java.lang.String, java.lang.Object>)
2019-03-19 12:40:43 -Mapped "{[/register/save],methods=[POST]}" onto com.bootdo.common.utils.R com.bootdo.system.controller.RegisterController.save(com.bootdo.system.domain.UserDO)
2019-03-19 12:40:43 -Mapped "{[/register],methods=[GET]}" onto java.lang.String com.bootdo.system.controller.RegisterController.user(org.springframework.ui.Model)
2019-03-19 12:40:43 -Mapped "{[/sys/role/add],methods=[GET]}" onto java.lang.String com.bootdo.system.controller.RoleController.add()
2019-03-19 12:40:43 -Mapped "{[/sys/role/update],methods=[POST]}" onto com.bootdo.common.utils.R com.bootdo.system.controller.RoleController.update(com.bootdo.system.domain.RoleDO)
2019-03-19 12:40:43 -Mapped "{[/sys/role/list],methods=[GET]}" onto java.util.List<com.bootdo.system.domain.RoleDO> com.bootdo.system.controller.RoleController.list()
2019-03-19 12:40:43 -Mapped "{[/sys/role/remove],methods=[POST]}" onto com.bootdo.common.utils.R com.bootdo.system.controller.RoleController.save(java.lang.Long)
2019-03-19 12:40:43 -Mapped "{[/sys/role/save],methods=[POST]}" onto com.bootdo.common.utils.R com.bootdo.system.controller.RoleController.save(com.bootdo.system.domain.RoleDO)
2019-03-19 12:40:43 -Mapped "{[/sys/role/batchRemove],methods=[POST]}" onto com.bootdo.common.utils.R com.bootdo.system.controller.RoleController.batchRemove(java.lang.Long[])
2019-03-19 12:40:43 -Mapped "{[/sys/role],methods=[GET]}" onto java.lang.String com.bootdo.system.controller.RoleController.role()
2019-03-19 12:40:43 -Mapped "{[/sys/role/edit/{id}],methods=[GET]}" onto java.lang.String com.bootdo.system.controller.RoleController.edit(java.lang.Long,org.springframework.ui.Model)
2019-03-19 12:40:43 -Mapped "{[/sys/online/list]}" onto public java.util.List<com.bootdo.system.domain.UserOnline> com.bootdo.system.controller.SessionController.list()
2019-03-19 12:40:43 -Mapped "{[/sys/online/sessionList]}" onto public java.util.Collection<org.apache.shiro.session.Session> com.bootdo.system.controller.SessionController.sessionList()
2019-03-19 12:40:43 -Mapped "{[/sys/online],methods=[GET]}" onto public java.lang.String com.bootdo.system.controller.SessionController.online()
2019-03-19 12:40:43 -Mapped "{[/sys/online/forceLogout/{sessionId}]}" onto public com.bootdo.common.utils.R com.bootdo.system.controller.SessionController.forceLogout(java.lang.String,org.springframework.web.servlet.mvc.support.RedirectAttributes)
2019-03-19 12:40:43 -Mapped "{[/system/storage/add],methods=[GET]}" onto java.lang.String com.bootdo.system.controller.StorageController.add()
2019-03-19 12:40:43 -Mapped "{[/system/storage/remove],methods=[POST]}" onto public com.bootdo.common.utils.R com.bootdo.system.controller.StorageController.remove(java.lang.Long)
2019-03-19 12:40:43 -Mapped "{[/system/storage/batchRemove],methods=[POST]}" onto public com.bootdo.common.utils.R com.bootdo.system.controller.StorageController.remove(java.lang.Long[])
2019-03-19 12:40:43 -Mapped "{[/system/storage/update]}" onto public com.bootdo.common.utils.R com.bootdo.system.controller.StorageController.update(com.bootdo.system.domain.StorageDO)
2019-03-19 12:40:43 -Mapped "{[/system/storage/list],methods=[GET]}" onto public com.bootdo.common.utils.PageUtils com.bootdo.system.controller.StorageController.list(java.util.Map<java.lang.String, java.lang.Object>)
2019-03-19 12:40:43 -Mapped "{[/system/storage/save],methods=[POST]}" onto public com.bootdo.common.utils.R com.bootdo.system.controller.StorageController.save(com.bootdo.system.domain.StorageDO)
2019-03-19 12:40:43 -Mapped "{[/system/storage/edit/{id}],methods=[GET]}" onto java.lang.String com.bootdo.system.controller.StorageController.edit(java.lang.Long,org.springframework.ui.Model)
2019-03-19 12:40:43 -Mapped "{[/system/storage],methods=[GET]}" onto java.lang.String com.bootdo.system.controller.StorageController.Storage()
2019-03-19 12:40:43 -Mapped "{[/system/storageInput/add],methods=[GET]}" onto java.lang.String com.bootdo.system.controller.StorageInputController.add()
2019-03-19 12:40:43 -Mapped "{[/system/storageInput/remove],methods=[POST]}" onto public com.bootdo.common.utils.R com.bootdo.system.controller.StorageInputController.remove(java.lang.Long)
2019-03-19 12:40:43 -Mapped "{[/system/storageInput/batchRemove],methods=[POST]}" onto public com.bootdo.common.utils.R com.bootdo.system.controller.StorageInputController.remove(java.lang.Long[])
2019-03-19 12:40:43 -Mapped "{[/system/storageInput/update]}" onto public com.bootdo.common.utils.R com.bootdo.system.controller.StorageInputController.update(com.bootdo.system.domain.StorageInputDO)
2019-03-19 12:40:43 -Mapped "{[/system/storageInput/list],methods=[GET]}" onto public com.bootdo.common.utils.PageUtils com.bootdo.system.controller.StorageInputController.list(java.util.Map<java.lang.String, java.lang.Object>)
2019-03-19 12:40:43 -Mapped "{[/system/storageInput/save],methods=[POST]}" onto public com.bootdo.common.utils.R com.bootdo.system.controller.StorageInputController.save(com.bootdo.system.domain.StorageInputDO)
2019-03-19 12:40:43 -Mapped "{[/system/storageInput/edit/{id}],methods=[GET]}" onto java.lang.String com.bootdo.system.controller.StorageInputController.edit(java.lang.Long,org.springframework.ui.Model)
2019-03-19 12:40:43 -Mapped "{[/system/storageInput],methods=[GET]}" onto java.lang.String com.bootdo.system.controller.StorageInputController.StorageInput()
2019-03-19 12:40:43 -Mapped "{[/system/storageOutput/add],methods=[GET]}" onto java.lang.String com.bootdo.system.controller.StorageOutputController.add()
2019-03-19 12:40:43 -Mapped "{[/system/storageOutput/remove],methods=[POST]}" onto public com.bootdo.common.utils.R com.bootdo.system.controller.StorageOutputController.remove(java.lang.Long)
2019-03-19 12:40:43 -Mapped "{[/system/storageOutput/batchRemove],methods=[POST]}" onto public com.bootdo.common.utils.R com.bootdo.system.controller.StorageOutputController.remove(java.lang.Long[])
2019-03-19 12:40:43 -Mapped "{[/system/storageOutput/update]}" onto public com.bootdo.common.utils.R com.bootdo.system.controller.StorageOutputController.update(com.bootdo.system.domain.StorageOutputDO)
2019-03-19 12:40:43 -Mapped "{[/system/storageOutput/list],methods=[GET]}" onto public com.bootdo.common.utils.PageUtils com.bootdo.system.controller.StorageOutputController.list(java.util.Map<java.lang.String, java.lang.Object>)
2019-03-19 12:40:43 -Mapped "{[/system/storageOutput/save],methods=[POST]}" onto public com.bootdo.common.utils.R com.bootdo.system.controller.StorageOutputController.save(com.bootdo.system.domain.StorageOutputDO)
2019-03-19 12:40:43 -Mapped "{[/system/storageOutput/edit/{id}],methods=[GET]}" onto java.lang.String com.bootdo.system.controller.StorageOutputController.edit(java.lang.Long,org.springframework.ui.Model)
2019-03-19 12:40:43 -Mapped "{[/system/storageOutput],methods=[GET]}" onto java.lang.String com.bootdo.system.controller.StorageOutputController.StorageOutput()
2019-03-19 12:40:43 -Mapped "{[/sys/user/exit],methods=[POST]}" onto boolean com.bootdo.system.controller.UserController.exit(java.util.Map<java.lang.String, java.lang.Object>)
2019-03-19 12:40:43 -Mapped "{[/sys/user/add],methods=[GET]}" onto java.lang.String com.bootdo.system.controller.UserController.add(org.springframework.ui.Model)
2019-03-19 12:40:43 -Mapped "{[/sys/user/remove],methods=[POST]}" onto com.bootdo.common.utils.R com.bootdo.system.controller.UserController.remove(java.lang.Long)
2019-03-19 12:40:43 -Mapped "{[/sys/user/update],methods=[POST]}" onto com.bootdo.common.utils.R com.bootdo.system.controller.UserController.update(com.bootdo.system.domain.UserDO)
2019-03-19 12:40:43 -Mapped "{[/sys/user/list],methods=[GET]}" onto com.bootdo.common.utils.PageUtils com.bootdo.system.controller.UserController.list(java.util.Map<java.lang.String, java.lang.Object>)
2019-03-19 12:40:43 -Mapped "{[/sys/user/save],methods=[POST]}" onto com.bootdo.common.utils.R com.bootdo.system.controller.UserController.save(com.bootdo.system.domain.UserDO)
2019-03-19 12:40:43 -Mapped "{[/sys/user/batchRemove],methods=[POST]}" onto com.bootdo.common.utils.R com.bootdo.system.controller.UserController.batchRemove(java.lang.Long[])
2019-03-19 12:40:43 -Mapped "{[/sys/user],methods=[GET]}" onto java.lang.String com.bootdo.system.controller.UserController.user(org.springframework.ui.Model)
2019-03-19 12:40:43 -Mapped "{[/sys/user/edit/{id}],methods=[GET]}" onto java.lang.String com.bootdo.system.controller.UserController.edit(org.springframework.ui.Model,java.lang.Long)
2019-03-19 12:40:43 -Mapped "{[/sys/user/updatePeronal],methods=[POST]}" onto com.bootdo.common.utils.R com.bootdo.system.controller.UserController.updatePeronal(com.bootdo.system.domain.UserDO)
2019-03-19 12:40:43 -Mapped "{[/sys/user/resetPwd],methods=[POST]}" onto com.bootdo.common.utils.R com.bootdo.system.controller.UserController.resetPwd(com.bootdo.system.vo.UserVO)
2019-03-19 12:40:43 -Mapped "{[/sys/user/resetPwd/{id}],methods=[GET]}" onto java.lang.String com.bootdo.system.controller.UserController.resetPwd(java.lang.Long,org.springframework.ui.Model)
2019-03-19 12:40:43 -Mapped "{[/sys/user/personal],methods=[GET]}" onto java.lang.String com.bootdo.system.controller.UserController.personal(org.springframework.ui.Model)
2019-03-19 12:40:43 -Mapped "{[/sys/user/uploadImg],methods=[POST]}" onto com.bootdo.common.utils.R com.bootdo.system.controller.UserController.uploadImg(org.springframework.web.multipart.MultipartFile,java.lang.String,javax.servlet.http.HttpServletRequest)
2019-03-19 12:40:43 -Mapped "{[/sys/user/treeView],methods=[GET]}" onto java.lang.String com.bootdo.system.controller.UserController.treeView()
2019-03-19 12:40:43 -Mapped "{[/sys/user/adminResetPwd],methods=[POST]}" onto com.bootdo.common.utils.R com.bootdo.system.controller.UserController.adminResetPwd(com.bootdo.system.vo.UserVO)
2019-03-19 12:40:43 -Mapped "{[/v2/api-docs],methods=[GET],produces=[application/json || application/hal+json]}" onto public org.springframework.http.ResponseEntity<springfox.documentation.spring.web.json.Json> springfox.documentation.swagger2.web.Swagger2Controller.getDocumentation(java.lang.String,javax.servlet.http.HttpServletRequest)
2019-03-19 12:40:43 -Mapped "{[/swagger-resources/configuration/security]}" onto org.springframework.http.ResponseEntity<springfox.documentation.swagger.web.SecurityConfiguration> springfox.documentation.swagger.web.ApiResourceController.securityConfiguration()
2019-03-19 12:40:43 -Mapped "{[/swagger-resources/configuration/ui]}" onto org.springframework.http.ResponseEntity<springfox.documentation.swagger.web.UiConfiguration> springfox.documentation.swagger.web.ApiResourceController.uiConfiguration()
2019-03-19 12:40:43 -Mapped "{[/swagger-resources]}" onto org.springframework.http.ResponseEntity<java.util.List<springfox.documentation.swagger.web.SwaggerResource>> springfox.documentation.swagger.web.ApiResourceController.swaggerResources()
2019-03-19 12:40:44 -Using default implementation for ThreadExecutor
2019-03-19 12:40:44 -Initialized Scheduler Signaller of type: class org.quartz.core.SchedulerSignalerImpl
2019-03-19 12:40:44 -Quartz Scheduler v.2.2.1 created.
2019-03-19 12:40:44 -RAMJobStore initialized.
2019-03-19 12:40:44 -Scheduler meta-data: Quartz Scheduler (v2.2.1) 'schedulerFactoryBean' with instanceId 'NON_CLUSTERED'
  Scheduler class: 'org.quartz.core.QuartzScheduler' - running locally.
  NOT STARTED.
  Currently in standby mode.
  Number of jobs executed: 0
  Using thread pool 'org.quartz.simpl.SimpleThreadPool' - with 10 threads.
  Using job-store 'org.quartz.simpl.RAMJobStore' - which does not support persistence. and is not clustered.

2019-03-19 12:40:44 -Quartz scheduler 'schedulerFactoryBean' initialized from an externally provided properties instance.
2019-03-19 12:40:44 -Quartz scheduler version: 2.2.1
2019-03-19 12:40:44 -JobFactory set to: com.bootdo.common.quartz.factory.JobFactory@3335afcf
2019-03-19 12:40:44 -Looking for @ControllerAdvice: org.springframework.boot.context.embedded.AnnotationConfigEmbeddedWebApplicationContext@53ce1329: startup date [Tue Mar 19 12:40:35 CST 2019]; root of context hierarchy
2019-03-19 12:40:44 -Mapped URL path [/files/**] onto handler of type [class org.springframework.web.servlet.resource.ResourceHttpRequestHandler]
2019-03-19 12:40:44 -Mapped URL path [/webjars/**] onto handler of type [class org.springframework.web.servlet.resource.ResourceHttpRequestHandler]
2019-03-19 12:40:44 -Mapped URL path [/**] onto handler of type [class org.springframework.web.servlet.resource.ResourceHttpRequestHandler]
2019-03-19 12:40:44 -Detected @ExceptionHandler methods in BDExceptionHandler
2019-03-19 12:40:44 -Mapped URL path [/**/favicon.ico] onto handler of type [class org.springframework.web.servlet.resource.ResourceHttpRequestHandler]
2019-03-19 12:40:46 -

Using default security password: 6dad8148-1361-4d42-8590-9b651573e83a

2019-03-19 12:40:46 -Creating filter chain: OrRequestMatcher [requestMatchers=[Ant [pattern='/css/**'], Ant [pattern='/js/**'], Ant [pattern='/images/**'], Ant [pattern='/webjars/**'], Ant [pattern='/**/favicon.ico'], Ant [pattern='/error']]], []
2019-03-19 12:40:46 -Creating filter chain: org.springframework.boot.autoconfigure.security.SpringBootWebSecurityConfiguration$ApplicationNoWebSecurityConfigurerAdapter$1@5fb514c2, [org.springframework.security.web.context.request.async.WebAsyncManagerIntegrationFilter@3e9b3b3c, org.springframework.security.web.context.SecurityContextPersistenceFilter@47eae91d, org.springframework.security.web.header.HeaderWriterFilter@7b9c2387, org.springframework.security.web.csrf.CsrfFilter@5bf7f15f, org.springframework.security.web.authentication.logout.LogoutFilter@2474df51, org.springframework.security.web.savedrequest.RequestCacheAwareFilter@f2becb2, org.springframework.security.web.servletapi.SecurityContextHolderAwareRequestFilter@a63643e, org.springframework.security.web.authentication.AnonymousAuthenticationFilter@3c97f5e9, org.springframework.security.web.session.SessionManagementFilter@27fc0217, org.springframework.security.web.access.ExceptionTranslationFilter@73234691]
2019-03-19 12:40:46 -Registering beans for JMX exposure on startup
2019-03-19 12:40:46 -Bean with name 'dataSource' has been autodetected for JMX exposure
2019-03-19 12:40:46 -Located MBean 'dataSource': registering with JMX server as MBean [com.alibaba.druid.pool:name=dataSource,type=DruidDataSource]
2019-03-19 12:40:46 -Starting beans in phase 2147483647
2019-03-19 12:40:46 -Context refreshed
2019-03-19 12:40:46 -Found 1 custom documentation plugin(s)
2019-03-19 12:40:46 -Scanning for api listing references
2019-03-19 12:40:47 -Generating unique operation named: removeUsingPOST_1
2019-03-19 12:40:47 -Generating unique operation named: addUsingGET_1
2019-03-19 12:40:47 -Generating unique operation named: editUsingGET_1
2019-03-19 12:40:47 -Generating unique operation named: listUsingGET_1
2019-03-19 12:40:47 -Generating unique operation named: removeUsingPOST_2
2019-03-19 12:40:47 -Generating unique operation named: removeUsingPOST_3
2019-03-19 12:40:47 -Generating unique operation named: saveUsingPOST_1
2019-03-19 12:40:47 -Generating unique operation named: updateUsingGET_1
2019-03-19 12:40:47 -Generating unique operation named: updateUsingHEAD_1
2019-03-19 12:40:47 -Generating unique operation named: updateUsingPOST_1
2019-03-19 12:40:47 -Generating unique operation named: updateUsingPUT_1
2019-03-19 12:40:47 -Generating unique operation named: updateUsingPATCH_1
2019-03-19 12:40:47 -Generating unique operation named: updateUsingDELETE_1
2019-03-19 12:40:47 -Generating unique operation named: updateUsingOPTIONS_1
2019-03-19 12:40:47 -Generating unique operation named: updateUsingTRACE_1
2019-03-19 12:40:47 -Generating unique operation named: addUsingGET_2
2019-03-19 12:40:47 -Generating unique operation named: editUsingGET_2
2019-03-19 12:40:47 -Generating unique operation named: listUsingGET_2
2019-03-19 12:40:47 -Generating unique operation named: removeUsingPOST_4
2019-03-19 12:40:47 -Generating unique operation named: removeUsingPOST_5
2019-03-19 12:40:47 -Generating unique operation named: saveUsingPOST_2
2019-03-19 12:40:47 -Generating unique operation named: updateUsingGET_2
2019-03-19 12:40:47 -Generating unique operation named: updateUsingHEAD_2
2019-03-19 12:40:47 -Generating unique operation named: updateUsingPOST_2
2019-03-19 12:40:47 -Generating unique operation named: updateUsingPUT_2
2019-03-19 12:40:47 -Generating unique operation named: updateUsingPATCH_2
2019-03-19 12:40:47 -Generating unique operation named: updateUsingDELETE_2
2019-03-19 12:40:47 -Generating unique operation named: updateUsingOPTIONS_2
2019-03-19 12:40:47 -Generating unique operation named: updateUsingTRACE_2
2019-03-19 12:40:47 -Generating unique operation named: viewUsingGET_1
2019-03-19 12:40:47 -Generating unique operation named: welcomeUsingGET_1
2019-03-19 12:40:47 -Generating unique operation named: addUsingGET_3
2019-03-19 12:40:47 -Generating unique operation named: editUsingGET_3
2019-03-19 12:40:47 -Generating unique operation named: listUsingGET_3
2019-03-19 12:40:47 -Generating unique operation named: removeUsingPOST_6
2019-03-19 12:40:47 -Generating unique operation named: removeUsingPOST_7
2019-03-19 12:40:47 -Generating unique operation named: saveUsingPOST_3
2019-03-19 12:40:47 -Generating unique operation named: updateUsingGET_3
2019-03-19 12:40:47 -Generating unique operation named: updateUsingHEAD_3
2019-03-19 12:40:47 -Generating unique operation named: updateUsingPOST_3
2019-03-19 12:40:47 -Generating unique operation named: updateUsingPUT_3
2019-03-19 12:40:47 -Generating unique operation named: updateUsingPATCH_3
2019-03-19 12:40:47 -Generating unique operation named: updateUsingDELETE_3
2019-03-19 12:40:47 -Generating unique operation named: updateUsingOPTIONS_3
2019-03-19 12:40:47 -Generating unique operation named: updateUsingTRACE_3
2019-03-19 12:40:47 -Generating unique operation named: viewUsingGET_2
2019-03-19 12:40:47 -Generating unique operation named: addUsingGET_4
2019-03-19 12:40:47 -Generating unique operation named: editUsingGET_4
2019-03-19 12:40:47 -Generating unique operation named: listUsingGET_4
2019-03-19 12:40:47 -Generating unique operation named: removeUsingPOST_8
2019-03-19 12:40:47 -Generating unique operation named: removeUsingPOST_9
2019-03-19 12:40:47 -Generating unique operation named: saveUsingPOST_4
2019-03-19 12:40:47 -Generating unique operation named: updateUsingGET_4
2019-03-19 12:40:47 -Generating unique operation named: updateUsingHEAD_4
2019-03-19 12:40:47 -Generating unique operation named: updateUsingPOST_4
2019-03-19 12:40:47 -Generating unique operation named: updateUsingPUT_4
2019-03-19 12:40:47 -Generating unique operation named: updateUsingPATCH_4
2019-03-19 12:40:47 -Generating unique operation named: updateUsingDELETE_4
2019-03-19 12:40:47 -Generating unique operation named: updateUsingOPTIONS_4
2019-03-19 12:40:47 -Generating unique operation named: updateUsingTRACE_4
2019-03-19 12:40:48 -Generating unique operation named: addUsingGET_5
2019-03-19 12:40:48 -Generating unique operation named: editUsingGET_5
2019-03-19 12:40:48 -Generating unique operation named: listUsingGET_5
2019-03-19 12:40:48 -Generating unique operation named: removeUsingPOST_10
2019-03-19 12:40:48 -Generating unique operation named: saveUsingPOST_5
2019-03-19 12:40:48 -Generating unique operation named: treeUsingGET_1
2019-03-19 12:40:48 -Generating unique operation named: updateUsingPOST_5
2019-03-19 12:40:48 -Generating unique operation named: addUsingGET_6
2019-03-19 12:40:48 -Generating unique operation named: editUsingGET_6
2019-03-19 12:40:48 -Generating unique operation named: listUsingGET_6
2019-03-19 12:40:48 -Generating unique operation named: removeUsingPOST_11
2019-03-19 12:40:48 -Generating unique operation named: removeUsingPOST_12
2019-03-19 12:40:48 -Generating unique operation named: saveUsingPOST_6
2019-03-19 12:40:48 -Generating unique operation named: updateUsingGET_5
2019-03-19 12:40:48 -Generating unique operation named: updateUsingHEAD_5
2019-03-19 12:40:48 -Generating unique operation named: updateUsingPOST_6
2019-03-19 12:40:48 -Generating unique operation named: updateUsingPUT_5
2019-03-19 12:40:48 -Generating unique operation named: updateUsingPATCH_5
2019-03-19 12:40:48 -Generating unique operation named: updateUsingDELETE_5
2019-03-19 12:40:48 -Generating unique operation named: updateUsingOPTIONS_5
2019-03-19 12:40:48 -Generating unique operation named: updateUsingTRACE_5
2019-03-19 12:40:48 -Generating unique operation named: viewUsingGET_3
2019-03-19 12:40:48 -Generating unique operation named: addUsingGET_7
2019-03-19 12:40:48 -Generating unique operation named: editUsingGET_7
2019-03-19 12:40:48 -Generating unique operation named: listUsingGET_7
2019-03-19 12:40:48 -Generating unique operation named: removeUsingPOST_13
2019-03-19 12:40:48 -Generating unique operation named: removeUsingPOST_14
2019-03-19 12:40:48 -Generating unique operation named: saveUsingPOST_7
2019-03-19 12:40:48 -Generating unique operation named: updateUsingGET_6
2019-03-19 12:40:48 -Generating unique operation named: updateUsingHEAD_6
2019-03-19 12:40:48 -Generating unique operation named: updateUsingPOST_7
2019-03-19 12:40:48 -Generating unique operation named: updateUsingPUT_6
2019-03-19 12:40:48 -Generating unique operation named: updateUsingPATCH_6
2019-03-19 12:40:48 -Generating unique operation named: updateUsingDELETE_6
2019-03-19 12:40:48 -Generating unique operation named: updateUsingOPTIONS_6
2019-03-19 12:40:48 -Generating unique operation named: updateUsingTRACE_6
2019-03-19 12:40:48 -Generating unique operation named: saveUsingPOST_8
2019-03-19 12:40:48 -Generating unique operation named: addUsingGET_8
2019-03-19 12:40:48 -Generating unique operation named: editUsingGET_8
2019-03-19 12:40:48 -Generating unique operation named: listUsingGET_8
2019-03-19 12:40:48 -Generating unique operation named: saveUsingPOST_9
2019-03-19 12:40:48 -Generating unique operation named: saveUsingPOST_10
2019-03-19 12:40:48 -Generating unique operation named: updateUsingPOST_8
2019-03-19 12:40:48 -Generating unique operation named: listUsingGET_9
2019-03-19 12:40:48 -Generating unique operation named: listUsingHEAD_1
2019-03-19 12:40:48 -Generating unique operation named: listUsingPOST_1
2019-03-19 12:40:48 -Generating unique operation named: listUsingPUT_1
2019-03-19 12:40:48 -Generating unique operation named: listUsingPATCH_1
2019-03-19 12:40:48 -Generating unique operation named: listUsingDELETE_1
2019-03-19 12:40:48 -Generating unique operation named: listUsingOPTIONS_1
2019-03-19 12:40:48 -Generating unique operation named: listUsingTRACE_1
2019-03-19 12:40:48 -Generating unique operation named: addUsingGET_9
2019-03-19 12:40:48 -Generating unique operation named: editUsingGET_9
2019-03-19 12:40:48 -Generating unique operation named: listUsingGET_10
2019-03-19 12:40:48 -Generating unique operation named: removeUsingPOST_15
2019-03-19 12:40:48 -Generating unique operation named: removeUsingPOST_16
2019-03-19 12:40:48 -Generating unique operation named: saveUsingPOST_11
2019-03-19 12:40:48 -Generating unique operation named: updateUsingGET_7
2019-03-19 12:40:48 -Generating unique operation named: updateUsingHEAD_7
2019-03-19 12:40:48 -Generating unique operation named: updateUsingPOST_9
2019-03-19 12:40:48 -Generating unique operation named: updateUsingPUT_7
2019-03-19 12:40:48 -Generating unique operation named: updateUsingPATCH_7
2019-03-19 12:40:48 -Generating unique operation named: updateUsingDELETE_7
2019-03-19 12:40:48 -Generating unique operation named: updateUsingOPTIONS_7
2019-03-19 12:40:48 -Generating unique operation named: updateUsingTRACE_7
2019-03-19 12:40:48 -Generating unique operation named: addUsingGET_10
2019-03-19 12:40:48 -Generating unique operation named: editUsingGET_10
2019-03-19 12:40:48 -Generating unique operation named: listUsingGET_11
2019-03-19 12:40:48 -Generating unique operation named: removeUsingPOST_17
2019-03-19 12:40:48 -Generating unique operation named: removeUsingPOST_18
2019-03-19 12:40:48 -Generating unique operation named: saveUsingPOST_12
2019-03-19 12:40:48 -Generating unique operation named: updateUsingGET_8
2019-03-19 12:40:48 -Generating unique operation named: updateUsingHEAD_8
2019-03-19 12:40:48 -Generating unique operation named: updateUsingPOST_10
2019-03-19 12:40:48 -Generating unique operation named: updateUsingPUT_8
2019-03-19 12:40:48 -Generating unique operation named: updateUsingPATCH_8
2019-03-19 12:40:48 -Generating unique operation named: updateUsingDELETE_8
2019-03-19 12:40:48 -Generating unique operation named: updateUsingOPTIONS_8
2019-03-19 12:40:48 -Generating unique operation named: updateUsingTRACE_8
2019-03-19 12:40:48 -Generating unique operation named: addUsingGET_11
2019-03-19 12:40:48 -Generating unique operation named: editUsingGET_11
2019-03-19 12:40:48 -Generating unique operation named: listUsingGET_12
2019-03-19 12:40:48 -Generating unique operation named: removeUsingPOST_19
2019-03-19 12:40:48 -Generating unique operation named: removeUsingPOST_20
2019-03-19 12:40:48 -Generating unique operation named: saveUsingPOST_13
2019-03-19 12:40:48 -Generating unique operation named: updateUsingGET_9
2019-03-19 12:40:48 -Generating unique operation named: updateUsingHEAD_9
2019-03-19 12:40:48 -Generating unique operation named: updateUsingPOST_11
2019-03-19 12:40:48 -Generating unique operation named: updateUsingPUT_9
2019-03-19 12:40:48 -Generating unique operation named: updateUsingPATCH_9
2019-03-19 12:40:48 -Generating unique operation named: updateUsingDELETE_9
2019-03-19 12:40:48 -Generating unique operation named: updateUsingOPTIONS_9
2019-03-19 12:40:48 -Generating unique operation named: updateUsingTRACE_9
2019-03-19 12:40:48 -Generating unique operation named: addUsingGET_12
2019-03-19 12:40:48 -Generating unique operation named: batchRemoveUsingPOST_1
2019-03-19 12:40:48 -Generating unique operation named: editUsingGET_12
2019-03-19 12:40:48 -Generating unique operation named: exitUsingPOST_1
2019-03-19 12:40:48 -Generating unique operation named: listUsingGET_13
2019-03-19 12:40:48 -Generating unique operation named: removeUsingPOST_21
2019-03-19 12:40:48 -Generating unique operation named: saveUsingPOST_14
2019-03-19 12:40:48 -Generating unique operation named: updateUsingPOST_12
2019-03-19 12:40:48 -Generating unique operation named: userUsingGET_1
2019-03-19 12:40:48 -Starting Quartz Scheduler now
2019-03-19 12:40:48 -Scheduler schedulerFactoryBean_$_NON_CLUSTERED started.
2019-03-19 12:40:48 -Initializing ProtocolHandler ["http-nio-80"]
2019-03-19 12:40:48 -Starting ProtocolHandler ["http-nio-80"]
2019-03-19 12:40:48 -Using a shared selector for servlet write/read
2019-03-19 12:40:48 -Tomcat started on port(s): 80 (http)
2019-03-19 12:40:48 -Started BootdoApplication in 13.961 seconds (JVM running for 14.709)
2019-03-19 12:41:03 -Initializing Spring FrameworkServlet 'dispatcherServlet'
2019-03-19 12:41:03 -FrameworkServlet 'dispatcherServlet': initialization started
2019-03-19 12:41:03 -FrameworkServlet 'dispatcherServlet': initialization completed in 68 ms
2019-03-19 12:41:04 -Enabling session validation scheduler...
2019-03-19 12:41:04 -请求地址 : http://localhost/login;JSESSIONID=990cfa61-0ed8-4eef-b5bc-25ed420c9a29
2019-03-19 12:41:04 -HTTP METHOD : GET
2019-03-19 12:41:04 -CLASS_METHOD : com.bootdo.system.controller.LoginController.login
2019-03-19 12:41:04 -参数 : []
2019-03-19 12:41:04 -耗时 : 2
2019-03-19 12:41:04 -返回值 : login
2019-03-19 12:41:04 -[THYMELEAF] INITIALIZING TEMPLATE ENGINE
2019-03-19 12:41:04 -[THYMELEAF] INITIALIZING TEMPLATE RESOLVER: org.thymeleaf.spring4.templateresolver.SpringResourceTemplateResolver
2019-03-19 12:41:04 -[THYMELEAF] TEMPLATE RESOLVER INITIALIZED OK
2019-03-19 12:41:04 -[THYMELEAF] INITIALIZING MESSAGE RESOLVER: org.thymeleaf.spring4.messageresolver.SpringMessageResolver
2019-03-19 12:41:04 -[THYMELEAF] MESSAGE RESOLVER INITIALIZED OK
2019-03-19 12:41:04 -[THYMELEAF] TEMPLATE ENGINE CONFIGURATION:
[THYMELEAF] * Cache Factory implementation: org.thymeleaf.cache.StandardCacheManager
[THYMELEAF] * Template modes:
[THYMELEAF]     * VALIDXHTML
[THYMELEAF]     * LEGACYHTML5
[THYMELEAF]     * VALIDXML
[THYMELEAF]     * XML
[THYMELEAF]     * HTML5
[THYMELEAF]     * XHTML
[THYMELEAF] * Template resolvers (in order):
[THYMELEAF]     * org.thymeleaf.spring4.templateresolver.SpringResourceTemplateResolver
[THYMELEAF] * Message resolvers (in order):
[THYMELEAF]     * org.thymeleaf.spring4.messageresolver.SpringMessageResolver
[THYMELEAF] * Dialect [1 of 3]: org.thymeleaf.spring4.dialect.SpringStandardDialect
[THYMELEAF]     * Prefix: "th"
[THYMELEAF] * Dialect [2 of 3]: at.pollux.thymeleaf.shiro.dialect.ShiroDialect
[THYMELEAF]     * Prefix: "shiro"
[THYMELEAF] * Dialect [3 of 3]: nz.net.ultraq.thymeleaf.LayoutDialect
[THYMELEAF]     * Prefix: "layout"
[THYMELEAF] TEMPLATE ENGINE CONFIGURED OK
2019-03-19 12:41:04 -[THYMELEAF] TEMPLATE ENGINE INITIALIZED
2019-03-19 12:41:11 -==>  Preparing: select `user_id`,`username`,`name`,`password`,`dept_id`,`email`,`mobile`,`status`,`user_id_create`,`gmt_create`,`gmt_modified`,`sex`,`birth`,`pic_id`,`live_address`,`hobby`,`province`,`city`,`district` from sys_user WHERE username = ? order by user_id desc 
2019-03-19 12:41:12 -==> Parameters: admin(String)
2019-03-19 12:41:12 -<==      Total: 1
2019-03-19 12:41:12 -请求地址 : http://localhost/login
2019-03-19 12:41:12 -HTTP METHOD : POST
2019-03-19 12:41:12 -CLASS_METHOD : com.bootdo.system.controller.LoginController.ajaxLogin
2019-03-19 12:41:12 -参数 : [admin, 123456]
2019-03-19 12:41:12 -==>  Preparing: select `user_id`,`username`,`name`,`password`,`dept_id`,`email`,`mobile`,`status`,`user_id_create`,`gmt_create`,`gmt_modified`,`sex`,`birth`,`pic_id`,`live_address`,`hobby`,`province`,`city`,`district` from sys_user WHERE username = ? order by user_id desc 
2019-03-19 12:41:12 -==> Parameters: admin(String)
2019-03-19 12:41:12 -<==      Total: 1
2019-03-19 12:41:12 -耗时 : 10
2019-03-19 12:41:12 -返回值 : {msg=操作成功, code=0}
2019-03-19 12:41:12 -请求地址 : http://localhost/index
2019-03-19 12:41:12 -HTTP METHOD : GET
2019-03-19 12:41:12 -CLASS_METHOD : com.bootdo.system.controller.LoginController.index
2019-03-19 12:41:12 -参数 : [{}]
2019-03-19 12:41:12 -==>  Preparing: select distinct m.menu_id , parent_id, name, url, perms,`type`,icon,order_num,gmt_create, gmt_modified from sys_menu m left join sys_role_menu rm on m.menu_id = rm.menu_id left join sys_user_role ur on rm.role_id =ur.role_id where ur.user_id = ? and m.type in(0,1) order by m.order_num 
2019-03-19 12:41:12 -==> Parameters: 1(Long)
2019-03-19 12:41:12 -<==      Total: 20
2019-03-19 12:41:12 -耗时 : 80
2019-03-19 12:41:12 -返回值 : index_v1
2019-03-19 12:41:12 -请求地址 : http://localhost/main
2019-03-19 12:41:12 -HTTP METHOD : GET
2019-03-19 12:41:12 -CLASS_METHOD : com.bootdo.system.controller.LoginController.main
2019-03-19 12:41:12 -参数 : []
2019-03-19 12:41:12 -耗时 : 1
2019-03-19 12:41:12 -返回值 : main
2019-03-19 12:41:12 -请求地址 : http://localhost/main
2019-03-19 12:41:12 -HTTP METHOD : GET
2019-03-19 12:41:12 -CLASS_METHOD : com.bootdo.system.controller.LoginController.main
2019-03-19 12:41:12 -参数 : []
2019-03-19 12:41:12 -耗时 : 0
2019-03-19 12:41:12 -返回值 : main
2019-03-19 12:41:17 -==>  Preparing: select distinct m.perms from sys_menu m left join sys_role_menu rm on m.menu_id = rm.menu_id left join sys_user_role ur on rm.role_id = ur.role_id where ur.user_id = ? 
2019-03-19 12:41:17 -==> Parameters: 1(Long)
2019-03-19 12:41:17 -<==      Total: 57
2019-03-19 12:41:17 -请求地址 : http://localhost/system/customer
2019-03-19 12:41:17 -HTTP METHOD : GET
2019-03-19 12:41:17 -CLASS_METHOD : com.bootdo.system.controller.CustomerController.Customer
2019-03-19 12:41:17 -参数 : []
2019-03-19 12:41:17 -耗时 : 0
2019-03-19 12:41:17 -返回值 : system/customer/customer
2019-03-19 12:41:17 -请求地址 : http://localhost/system/customer/list
2019-03-19 12:41:17 -HTTP METHOD : GET
2019-03-19 12:41:17 -CLASS_METHOD : com.bootdo.system.controller.CustomerController.list
2019-03-19 12:41:17 -参数 : [{limit=10, offset=0, number=}]
2019-03-19 12:41:17 -==>  Preparing: select `id`,`name`,`number`,`telephone`,`email`,`address`,`company` from t_customer order by id desc limit ?, ? 
2019-03-19 12:41:17 -==> Parameters: 0(Integer), 10(Integer)
2019-03-19 12:41:17 -<==      Total: 1
2019-03-19 12:41:17 -==>  Preparing: select count(*) from t_customer 
2019-03-19 12:41:17 -==> Parameters: 
2019-03-19 12:41:17 -<==      Total: 1
2019-03-19 12:41:17 -耗时 : 29
2019-03-19 12:41:17 -返回值 : com.bootdo.common.utils.PageUtils@5f2b6bc5
2019-03-19 12:41:18 -请求地址 : http://localhost/sys/user/
2019-03-19 12:41:18 -HTTP METHOD : GET
2019-03-19 12:41:18 -CLASS_METHOD : com.bootdo.system.controller.UserController.user
2019-03-19 12:41:18 -参数 : [{}]
2019-03-19 12:41:18 -耗时 : 1
2019-03-19 12:41:18 -返回值 : system/user/user
2019-03-19 12:41:18 -请求地址 : http://localhost/sys/user/list
2019-03-19 12:41:18 -HTTP METHOD : GET
2019-03-19 12:41:18 -CLASS_METHOD : com.bootdo.system.controller.UserController.list
2019-03-19 12:41:18 -参数 : [{limit=10, offset=0, name=}]
2019-03-19 12:41:18 -==>  Preparing: select `user_id`,`username`,`name`,`password`,`dept_id`,`email`,`mobile`,`status`,`user_id_create`,`gmt_create`,`gmt_modified`,`sex`,`birth`,`pic_id`,`live_address`,`hobby`,`province`,`city`,`district` from sys_user order by user_id desc limit ?, ? 
2019-03-19 12:41:18 -==> Parameters: 0(Integer), 10(Integer)
2019-03-19 12:41:18 -<==      Total: 6
2019-03-19 12:41:18 -==>  Preparing: select count(*) from sys_user 
2019-03-19 12:41:18 -==> Parameters: 
2019-03-19 12:41:18 -<==      Total: 1
2019-03-19 12:41:18 -耗时 : 15
2019-03-19 12:41:18 -返回值 : com.bootdo.common.utils.PageUtils@6e58b39d
2019-03-19 12:41:19 -请求地址 : http://localhost/sys/role
2019-03-19 12:41:19 -HTTP METHOD : GET
2019-03-19 12:41:19 -CLASS_METHOD : com.bootdo.system.controller.RoleController.role
2019-03-19 12:41:19 -参数 : []
2019-03-19 12:41:19 -耗时 : 1
2019-03-19 12:41:19 -返回值 : system/role/role
2019-03-19 12:41:19 -请求地址 : http://localhost/sys/role/list
2019-03-19 12:41:19 -HTTP METHOD : GET
2019-03-19 12:41:19 -CLASS_METHOD : com.bootdo.system.controller.RoleController.list
2019-03-19 12:41:19 -参数 : []
2019-03-19 12:41:19 -==>  Preparing: select `role_id`,`role_name`,`role_sign`,`remark`,`user_id_create`,`gmt_create`,`gmt_modified` from sys_role order by role_id desc 
2019-03-19 12:41:19 -==> Parameters: 
2019-03-19 12:41:19 -<==      Total: 2
2019-03-19 12:41:19 -耗时 : 10
2019-03-19 12:41:19 -返回值 : [RoleDO{roleId=2, roleName='普通用户角色', roleSign='null', remark='', userIdCreate=null, gmtCreate=null, gmtModified=null, menuIds=null}, RoleDO{roleId=1, roleName='超级用户角色', roleSign='admin', remark='拥有最高权限', userIdCreate=2, gmtCreate=2017-08-12 00:43:52.0, gmtModified=2017-08-12 19:14:59.0, menuIds=null}]
2019-03-19 12:41:23 -请求地址 : http://localhost/system/order/
2019-03-19 12:41:23 -HTTP METHOD : GET
2019-03-19 12:41:23 -CLASS_METHOD : com.bootdo.system.controller.OrderController.Order
2019-03-19 12:41:23 -参数 : []
2019-03-19 12:41:23 -耗时 : 1
2019-03-19 12:41:23 -返回值 : system/order/order
2019-03-19 12:41:23 -请求地址 : http://localhost/system/order/list
2019-03-19 12:41:23 -HTTP METHOD : GET
2019-03-19 12:41:23 -CLASS_METHOD : com.bootdo.system.controller.OrderController.list
2019-03-19 12:41:23 -参数 : [{limit=10, offset=0, orderSn=}]
2019-03-19 12:41:23 -==>  Preparing: select `id`,`order_sn`,`customer_number`,`customer_name`,`total_price`,`total_count`,`pay_date`,`consignee_name`,`consignee_address`,`consignee_telephone`,`user_id`,`create_date`,`status`,`description`,`good_number`,`good_name` from t_order order by id desc limit ?, ? 
2019-03-19 12:41:23 -==> Parameters: 0(Integer), 10(Integer)
2019-03-19 12:41:23 -<==      Total: 4
2019-03-19 12:41:23 -==>  Preparing: select count(*) from t_order 
2019-03-19 12:41:23 -==> Parameters: 
2019-03-19 12:41:23 -<==      Total: 1
2019-03-19 12:41:23 -耗时 : 27
2019-03-19 12:41:23 -返回值 : com.bootdo.common.utils.PageUtils@26ec3d91
2019-03-19 12:41:25 -请求地址 : http://localhost/system/storageInput
2019-03-19 12:41:25 -HTTP METHOD : GET
2019-03-19 12:41:25 -CLASS_METHOD : com.bootdo.system.controller.StorageInputController.StorageInput
2019-03-19 12:41:25 -参数 : []
2019-03-19 12:41:25 -耗时 : 0
2019-03-19 12:41:25 -返回值 : system/storageInput/storageInput
2019-03-19 12:41:25 -请求地址 : http://localhost/system/storageInput/list
2019-03-19 12:41:25 -HTTP METHOD : GET
2019-03-19 12:41:25 -CLASS_METHOD : com.bootdo.system.controller.StorageInputController.list
2019-03-19 12:41:25 -参数 : [{limit=10, offset=0}]
2019-03-19 12:41:25 -==>  Preparing: select `id`,`good_name`,`good_number`,`good_price`,`good_count`,`create_date` from t_storage_input order by id desc limit ?, ? 
2019-03-19 12:41:25 -==> Parameters: 0(Integer), 10(Integer)
2019-03-19 12:41:25 -<==      Total: 4
2019-03-19 12:41:25 -==>  Preparing: select count(*) from t_storage_input 
2019-03-19 12:41:25 -==> Parameters: 
2019-03-19 12:41:25 -<==      Total: 1
2019-03-19 12:41:25 -耗时 : 29
2019-03-19 12:41:25 -返回值 : com.bootdo.common.utils.PageUtils@7efffdb4
2019-03-19 12:41:25 -请求地址 : http://localhost/system/storageOutput
2019-03-19 12:41:25 -HTTP METHOD : GET
2019-03-19 12:41:25 -CLASS_METHOD : com.bootdo.system.controller.StorageOutputController.StorageOutput
2019-03-19 12:41:25 -参数 : []
2019-03-19 12:41:25 -耗时 : 1
2019-03-19 12:41:25 -返回值 : system/storageOutput/storageOutput
2019-03-19 12:41:25 -请求地址 : http://localhost/system/storageOutput/list
2019-03-19 12:41:25 -HTTP METHOD : GET
2019-03-19 12:41:25 -CLASS_METHOD : com.bootdo.system.controller.StorageOutputController.list
2019-03-19 12:41:25 -参数 : [{limit=10, offset=0}]
2019-03-19 12:41:25 -==>  Preparing: select `id`,`good_name`,`good_number`,`good_price`,`good_count`,`create_date` from t_storage_output order by id desc limit ?, ? 
2019-03-19 12:41:25 -==> Parameters: 0(Integer), 10(Integer)
2019-03-19 12:41:25 -<==      Total: 3
2019-03-19 12:41:25 -==>  Preparing: select count(*) from t_storage_output 
2019-03-19 12:41:25 -==> Parameters: 
2019-03-19 12:41:25 -<==      Total: 1
2019-03-19 12:41:25 -耗时 : 18
2019-03-19 12:41:25 -返回值 : com.bootdo.common.utils.PageUtils@7581606e
2019-03-19 12:41:26 -请求地址 : http://localhost/system/storage
2019-03-19 12:41:26 -HTTP METHOD : GET
2019-03-19 12:41:26 -CLASS_METHOD : com.bootdo.system.controller.StorageController.Storage
2019-03-19 12:41:26 -参数 : []
2019-03-19 12:41:26 -耗时 : 1
2019-03-19 12:41:26 -返回值 : system/storage/storage
2019-03-19 12:41:26 -请求地址 : http://localhost/system/storage/list
2019-03-19 12:41:26 -HTTP METHOD : GET
2019-03-19 12:41:26 -CLASS_METHOD : com.bootdo.system.controller.StorageController.list
2019-03-19 12:41:26 -参数 : [{limit=10, offset=0}]
2019-03-19 12:41:26 -==>  Preparing: select `id`,`good_name`,`good_number`,`good_count` from t_storage order by id desc limit ?, ? 
2019-03-19 12:41:26 -==> Parameters: 0(Integer), 10(Integer)
2019-03-19 12:41:26 -<==      Total: 3
2019-03-19 12:41:26 -==>  Preparing: select count(*) from t_storage 
2019-03-19 12:41:26 -==> Parameters: 
2019-03-19 12:41:26 -<==      Total: 1
2019-03-19 12:41:26 -耗时 : 22
2019-03-19 12:41:26 -返回值 : com.bootdo.common.utils.PageUtils@168bcc7f
2019-03-19 12:41:26 -请求地址 : http://localhost/system/good
2019-03-19 12:41:26 -HTTP METHOD : GET
2019-03-19 12:41:26 -CLASS_METHOD : com.bootdo.system.controller.GoodController.Good
2019-03-19 12:41:26 -参数 : []
2019-03-19 12:41:26 -耗时 : 1
2019-03-19 12:41:26 -返回值 : system/good/good
2019-03-19 12:41:27 -请求地址 : http://localhost/system/good/list
2019-03-19 12:41:27 -HTTP METHOD : GET
2019-03-19 12:41:27 -CLASS_METHOD : com.bootdo.system.controller.GoodController.list
2019-03-19 12:41:27 -参数 : [{limit=10, offset=0, title=}]
2019-03-19 12:41:27 -==>  Preparing: select `id`,`title`,`type`,`number`,`price`,`weight`,`place`,`img`,`imgmore`,`create_by`,`create_date`,`remark`,`del_flag` from t_good order by id desc limit ?, ? 
2019-03-19 12:41:27 -==> Parameters: 0(Integer), 10(Integer)
2019-03-19 12:41:27 -<==      Total: 5
2019-03-19 12:41:27 -==>  Preparing: select count(*) from t_good 
2019-03-19 12:41:27 -==> Parameters: 
2019-03-19 12:41:27 -<==      Total: 1
2019-03-19 12:41:27 -耗时 : 24
2019-03-19 12:41:27 -返回值 : com.bootdo.common.utils.PageUtils@1ef464f3
2019-03-19 12:41:53 -请求地址 : http://localhost/sys/user/
2019-03-19 12:41:53 -HTTP METHOD : GET
2019-03-19 12:41:53 -CLASS_METHOD : com.bootdo.system.controller.UserController.user
2019-03-19 12:41:53 -参数 : [{}]
2019-03-19 12:41:53 -耗时 : 1
2019-03-19 12:41:53 -返回值 : system/user/user
2019-03-19 12:41:53 -请求地址 : http://localhost/sys/user/list
2019-03-19 12:41:53 -HTTP METHOD : GET
2019-03-19 12:41:53 -CLASS_METHOD : com.bootdo.system.controller.UserController.list
2019-03-19 12:41:53 -参数 : [{limit=10, offset=0, name=}]
2019-03-19 12:41:53 -==>  Preparing: select `user_id`,`username`,`name`,`password`,`dept_id`,`email`,`mobile`,`status`,`user_id_create`,`gmt_create`,`gmt_modified`,`sex`,`birth`,`pic_id`,`live_address`,`hobby`,`province`,`city`,`district` from sys_user order by user_id desc limit ?, ? 
2019-03-19 12:41:53 -==> Parameters: 0(Integer), 10(Integer)
2019-03-19 12:41:53 -<==      Total: 6
2019-03-19 12:41:53 -==>  Preparing: select count(*) from sys_user 
2019-03-19 12:41:53 -==> Parameters: 
2019-03-19 12:41:53 -<==      Total: 1
2019-03-19 12:41:53 -耗时 : 10
2019-03-19 12:41:53 -返回值 : com.bootdo.common.utils.PageUtils@6ce650a1
2019-03-19 12:42:02 -请求地址 : http://localhost/sys/role
2019-03-19 12:42:02 -HTTP METHOD : GET
2019-03-19 12:42:02 -CLASS_METHOD : com.bootdo.system.controller.RoleController.role
2019-03-19 12:42:02 -参数 : []
2019-03-19 12:42:02 -耗时 : 0
2019-03-19 12:42:02 -返回值 : system/role/role
2019-03-19 12:42:03 -请求地址 : http://localhost/sys/role/list
2019-03-19 12:42:03 -HTTP METHOD : GET
2019-03-19 12:42:03 -CLASS_METHOD : com.bootdo.system.controller.RoleController.list
2019-03-19 12:42:03 -参数 : []
2019-03-19 12:42:03 -==>  Preparing: select `role_id`,`role_name`,`role_sign`,`remark`,`user_id_create`,`gmt_create`,`gmt_modified` from sys_role order by role_id desc 
2019-03-19 12:42:03 -==> Parameters: 
2019-03-19 12:42:03 -<==      Total: 2
2019-03-19 12:42:03 -耗时 : 3
2019-03-19 12:42:03 -返回值 : [RoleDO{roleId=2, roleName='普通用户角色', roleSign='null', remark='', userIdCreate=null, gmtCreate=null, gmtModified=null, menuIds=null}, RoleDO{roleId=1, roleName='超级用户角色', roleSign='admin', remark='拥有最高权限', userIdCreate=2, gmtCreate=2017-08-12 00:43:52.0, gmtModified=2017-08-12 19:14:59.0, menuIds=null}]
2019-03-19 12:42:04 -请求地址 : http://localhost/system/customer
2019-03-19 12:42:04 -HTTP METHOD : GET
2019-03-19 12:42:04 -CLASS_METHOD : com.bootdo.system.controller.CustomerController.Customer
2019-03-19 12:42:04 -参数 : []
2019-03-19 12:42:04 -耗时 : 1
2019-03-19 12:42:04 -返回值 : system/customer/customer
2019-03-19 12:42:04 -请求地址 : http://localhost/system/customer/list
2019-03-19 12:42:04 -HTTP METHOD : GET
2019-03-19 12:42:04 -CLASS_METHOD : com.bootdo.system.controller.CustomerController.list
2019-03-19 12:42:04 -参数 : [{limit=10, offset=0, number=}]
2019-03-19 12:42:04 -==>  Preparing: select `id`,`name`,`number`,`telephone`,`email`,`address`,`company` from t_customer order by id desc limit ?, ? 
2019-03-19 12:42:04 -==> Parameters: 0(Integer), 10(Integer)
2019-03-19 12:42:04 -<==      Total: 1
2019-03-19 12:42:04 -==>  Preparing: select count(*) from t_customer 
2019-03-19 12:42:04 -==> Parameters: 
2019-03-19 12:42:04 -<==      Total: 1
2019-03-19 12:42:04 -耗时 : 4
2019-03-19 12:42:04 -返回值 : com.bootdo.common.utils.PageUtils@62c9d3a
2019-03-19 12:42:06 -请求地址 : http://localhost/system/order/
2019-03-19 12:42:06 -HTTP METHOD : GET
2019-03-19 12:42:06 -CLASS_METHOD : com.bootdo.system.controller.OrderController.Order
2019-03-19 12:42:06 -参数 : []
2019-03-19 12:42:06 -耗时 : 0
2019-03-19 12:42:06 -返回值 : system/order/order
2019-03-19 12:42:06 -请求地址 : http://localhost/system/order/list
2019-03-19 12:42:06 -HTTP METHOD : GET
2019-03-19 12:42:06 -CLASS_METHOD : com.bootdo.system.controller.OrderController.list
2019-03-19 12:42:06 -参数 : [{limit=10, offset=0, orderSn=}]
2019-03-19 12:42:06 -==>  Preparing: select `id`,`order_sn`,`customer_number`,`customer_name`,`total_price`,`total_count`,`pay_date`,`consignee_name`,`consignee_address`,`consignee_telephone`,`user_id`,`create_date`,`status`,`description`,`good_number`,`good_name` from t_order order by id desc limit ?, ? 
2019-03-19 12:42:06 -==> Parameters: 0(Integer), 10(Integer)
2019-03-19 12:42:06 -<==      Total: 4
2019-03-19 12:42:06 -==>  Preparing: select count(*) from t_order 
2019-03-19 12:42:06 -==> Parameters: 
2019-03-19 12:42:06 -<==      Total: 1
2019-03-19 12:42:06 -耗时 : 5
2019-03-19 12:42:06 -返回值 : com.bootdo.common.utils.PageUtils@41ee1153
2019-03-19 12:42:09 -请求地址 : http://localhost/system/storageInput
2019-03-19 12:42:09 -HTTP METHOD : GET
2019-03-19 12:42:09 -CLASS_METHOD : com.bootdo.system.controller.StorageInputController.StorageInput
2019-03-19 12:42:09 -参数 : []
2019-03-19 12:42:09 -耗时 : 0
2019-03-19 12:42:09 -返回值 : system/storageInput/storageInput
2019-03-19 12:42:09 -请求地址 : http://localhost/system/storageInput/list
2019-03-19 12:42:09 -HTTP METHOD : GET
2019-03-19 12:42:09 -CLASS_METHOD : com.bootdo.system.controller.StorageInputController.list
2019-03-19 12:42:09 -参数 : [{limit=10, offset=0}]
2019-03-19 12:42:09 -==>  Preparing: select `id`,`good_name`,`good_number`,`good_price`,`good_count`,`create_date` from t_storage_input order by id desc limit ?, ? 
2019-03-19 12:42:09 -==> Parameters: 0(Integer), 10(Integer)
2019-03-19 12:42:09 -<==      Total: 4
2019-03-19 12:42:09 -==>  Preparing: select count(*) from t_storage_input 
2019-03-19 12:42:09 -==> Parameters: 
2019-03-19 12:42:09 -<==      Total: 1
2019-03-19 12:42:09 -耗时 : 4
2019-03-19 12:42:09 -返回值 : com.bootdo.common.utils.PageUtils@389e3376
2019-03-19 12:42:11 -请求地址 : http://localhost/system/storageOutput
2019-03-19 12:42:11 -HTTP METHOD : GET
2019-03-19 12:42:11 -CLASS_METHOD : com.bootdo.system.controller.StorageOutputController.StorageOutput
2019-03-19 12:42:11 -参数 : []
2019-03-19 12:42:11 -耗时 : 0
2019-03-19 12:42:11 -返回值 : system/storageOutput/storageOutput
2019-03-19 12:42:11 -请求地址 : http://localhost/system/storageOutput/list
2019-03-19 12:42:11 -HTTP METHOD : GET
2019-03-19 12:42:11 -CLASS_METHOD : com.bootdo.system.controller.StorageOutputController.list
2019-03-19 12:42:11 -参数 : [{limit=10, offset=0}]
2019-03-19 12:42:11 -==>  Preparing: select `id`,`good_name`,`good_number`,`good_price`,`good_count`,`create_date` from t_storage_output order by id desc limit ?, ? 
2019-03-19 12:42:11 -==> Parameters: 0(Integer), 10(Integer)
2019-03-19 12:42:11 -<==      Total: 3
2019-03-19 12:42:11 -==>  Preparing: select count(*) from t_storage_output 
2019-03-19 12:42:11 -==> Parameters: 
2019-03-19 12:42:11 -<==      Total: 1
2019-03-19 12:42:11 -耗时 : 4
2019-03-19 12:42:11 -返回值 : com.bootdo.common.utils.PageUtils@1676c12d
2019-03-19 12:42:12 -请求地址 : http://localhost/system/storage
2019-03-19 12:42:12 -HTTP METHOD : GET
2019-03-19 12:42:12 -CLASS_METHOD : com.bootdo.system.controller.StorageController.Storage
2019-03-19 12:42:12 -参数 : []
2019-03-19 12:42:12 -耗时 : 0
2019-03-19 12:42:12 -返回值 : system/storage/storage
2019-03-19 12:42:12 -请求地址 : http://localhost/system/storage/list
2019-03-19 12:42:12 -HTTP METHOD : GET
2019-03-19 12:42:12 -CLASS_METHOD : com.bootdo.system.controller.StorageController.list
2019-03-19 12:42:12 -参数 : [{limit=10, offset=0}]
2019-03-19 12:42:12 -==>  Preparing: select `id`,`good_name`,`good_number`,`good_count` from t_storage order by id desc limit ?, ? 
2019-03-19 12:42:12 -==> Parameters: 0(Integer), 10(Integer)
2019-03-19 12:42:12 -<==      Total: 3
2019-03-19 12:42:12 -==>  Preparing: select count(*) from t_storage 
2019-03-19 12:42:12 -==> Parameters: 
2019-03-19 12:42:12 -<==      Total: 1
2019-03-19 12:42:12 -耗时 : 5
2019-03-19 12:42:12 -返回值 : com.bootdo.common.utils.PageUtils@57d94900
2019-03-19 12:42:12 -请求地址 : http://localhost/system/good
2019-03-19 12:42:12 -HTTP METHOD : GET
2019-03-19 12:42:12 -CLASS_METHOD : com.bootdo.system.controller.GoodController.Good
2019-03-19 12:42:12 -参数 : []
2019-03-19 12:42:12 -耗时 : 0
2019-03-19 12:42:12 -返回值 : system/good/good
2019-03-19 12:42:12 -请求地址 : http://localhost/system/good/list
2019-03-19 12:42:12 -HTTP METHOD : GET
2019-03-19 12:42:12 -CLASS_METHOD : com.bootdo.system.controller.GoodController.list
2019-03-19 12:42:12 -参数 : [{limit=10, offset=0, title=}]
2019-03-19 12:42:12 -==>  Preparing: select `id`,`title`,`type`,`number`,`price`,`weight`,`place`,`img`,`imgmore`,`create_by`,`create_date`,`remark`,`del_flag` from t_good order by id desc limit ?, ? 
2019-03-19 12:42:12 -==> Parameters: 0(Integer), 10(Integer)
2019-03-19 12:42:12 -<==      Total: 5
2019-03-19 12:42:12 -==>  Preparing: select count(*) from t_good 
2019-03-19 12:42:12 -==> Parameters: 
2019-03-19 12:42:12 -<==      Total: 1
2019-03-19 12:42:12 -耗时 : 4
2019-03-19 12:42:12 -返回值 : com.bootdo.common.utils.PageUtils@874630c
2019-03-19 12:43:08 -请求地址 : http://localhost/sys/user/personal
2019-03-19 12:43:08 -HTTP METHOD : GET
2019-03-19 12:43:08 -CLASS_METHOD : com.bootdo.system.controller.UserController.personal
2019-03-19 12:43:08 -参数 : [{}]
2019-03-19 12:43:08 -==>  Preparing: select role_id from sys_user_role where user_id=? 
2019-03-19 12:43:08 -==> Parameters: 1(Long)
2019-03-19 12:43:08 -<==      Total: 1
2019-03-19 12:43:08 -==>  Preparing: select `user_id`,`username`,`name`,`password`,`dept_id`,`email`,`mobile`,`status`,`user_id_create`,`gmt_create`,`gmt_modified`,`sex`,`birth`,`pic_id`,`live_address`,`hobby`,`province`,`city`,`district` from sys_user where user_id = ? 
2019-03-19 12:43:08 -==> Parameters: 1(Long)
2019-03-19 12:43:08 -<==      Total: 1
2019-03-19 12:43:08 -耗时 : 13
2019-03-19 12:43:08 -返回值 : system/user/personal
2019-03-19 12:44:24 -请求地址 : http://localhost/sys/user/
2019-03-19 12:44:24 -HTTP METHOD : GET
2019-03-19 12:44:24 -CLASS_METHOD : com.bootdo.system.controller.UserController.user
2019-03-19 12:44:24 -参数 : [{}]
2019-03-19 12:44:24 -耗时 : 1
2019-03-19 12:44:24 -返回值 : system/user/user
2019-03-19 12:44:24 -请求地址 : http://localhost/sys/user/list
2019-03-19 12:44:24 -HTTP METHOD : GET
2019-03-19 12:44:24 -CLASS_METHOD : com.bootdo.system.controller.UserController.list
2019-03-19 12:44:24 -参数 : [{limit=10, offset=0, name=}]
2019-03-19 12:44:24 -==>  Preparing: select `user_id`,`username`,`name`,`password`,`dept_id`,`email`,`mobile`,`status`,`user_id_create`,`gmt_create`,`gmt_modified`,`sex`,`birth`,`pic_id`,`live_address`,`hobby`,`province`,`city`,`district` from sys_user order by user_id desc limit ?, ? 
2019-03-19 12:44:24 -==> Parameters: 0(Integer), 10(Integer)
2019-03-19 12:44:24 -<==      Total: 6
2019-03-19 12:44:24 -==>  Preparing: select count(*) from sys_user 
2019-03-19 12:44:24 -==> Parameters: 
2019-03-19 12:44:24 -<==      Total: 1
2019-03-19 12:44:24 -耗时 : 13
2019-03-19 12:44:24 -返回值 : com.bootdo.common.utils.PageUtils@2eac2a84
